<?xml version="1.0" encoding="UTF-8"?>
<!-- Generated by org.testng.reporters.JUnitXMLReporter -->
<testsuite hostname="IKCON1049" ignored="0" name="Surefire test" tests="4" failures="4" timestamp="2022-09-14T18:55:59 IST" time="47.069" errors="0">
  <testcase name="runScenario" time="17.068" classname="io.cucumber.testng.AbstractTestNGCucumberTests">
    <failure type="java.lang.AssertionError" message="expected [true] but found [false]">
      <![CDATA[java.lang.AssertionError: expected [true] but found [false]
at com.ikcon.tech.glue.StepDefinition.user_will_be_loggedin_and_navigated_to_homepage(StepDefinition.java:113)
at ✽.User will be loggedin,navigated to homepage and take screenshot(file:///C:/ECLIPSE_WORKSPACE/selenium_Testing/NopCommerce-Automation/src/test/resources/com/ikcon/tech/feature/ShoppingCart.feature:6)
... Removed 5 stack frames]]>
    </failure>
  </testcase> <!-- runScenario -->
  <testcase name="runScenario" time="11.067" classname="io.cucumber.testng.AbstractTestNGCucumberTests">
    <failure type="java.lang.AssertionError" message="expected [true] but found [false]">
      <![CDATA[java.lang.AssertionError: expected [true] but found [false]
at com.ikcon.tech.glue.StepDefinition.user_will_be_loggedin_and_navigated_to_homepage(StepDefinition.java:113)
at ✽.User will be loggedin,navigated to homepage and take screenshot(file:///C:/ECLIPSE_WORKSPACE/selenium_Testing/NopCommerce-Automation/src/test/resources/com/ikcon/tech/feature/ShoppingCart.feature:6)
... Removed 5 stack frames]]>
    </failure>
  </testcase> <!-- runScenario -->
  <testcase name="runScenario" time="6.939" classname="io.cucumber.testng.AbstractTestNGCucumberTests">
    <failure type="java.lang.AssertionError" message="expected [true] but found [false]">
      <![CDATA[java.lang.AssertionError: expected [true] but found [false]
at com.ikcon.tech.glue.StepDefinition.user_will_be_loggedin_and_navigated_to_homepage(StepDefinition.java:113)
at ✽.User will be loggedin,navigated to homepage and take screenshot(file:///C:/ECLIPSE_WORKSPACE/selenium_Testing/NopCommerce-Automation/src/test/resources/com/ikcon/tech/feature/ShoppingCart.feature:6)
... Removed 5 stack frames]]>
    </failure>
  </testcase> <!-- runScenario -->
  <testcase name="runScenario" time="10.58" classname="io.cucumber.testng.AbstractTestNGCucumberTests">
    <failure type="java.lang.AssertionError" message="expected [true] but found [false]">
      <![CDATA[java.lang.AssertionError: expected [true] but found [false]
at com.ikcon.tech.glue.StepDefinition.user_will_be_loggedin_and_navigated_to_homepage(StepDefinition.java:113)
at ✽.User will be loggedin,navigated to homepage and take screenshot(file:///C:/ECLIPSE_WORKSPACE/selenium_Testing/NopCommerce-Automation/src/test/resources/com/ikcon/tech/feature/ShoppingCart.feature:6)
... Removed 5 stack frames]]>
    </failure>
  </testcase> <!-- runScenario -->
</testsuite> <!-- Surefire test -->
