<html>
<head>
<title>TestNG:  Surefire test</title>
<link href="../testng.css" rel="stylesheet" type="text/css" />
<link href="../my-testng.css" rel="stylesheet" type="text/css" />

<style type="text/css">
.log { display: none;} 
.stack-trace { display: none;} 
</style>
<script type="text/javascript">
<!--
function flip(e) {
  current = e.style.display;
  if (current == 'block') {
    e.style.display = 'none';
    return 0;
  }
  else {
    e.style.display = 'block';
    return 1;
  }
}

function toggleBox(szDivId, elem, msg1, msg2)
{
  var res = -1;  if (document.getElementById) {
    res = flip(document.getElementById(szDivId));
  }
  else if (document.all) {
    // this is the way old msie versions work
    res = flip(document.all[szDivId]);
  }
  if(elem) {
    if(res == 0) elem.innerHTML = msg1; else elem.innerHTML = msg2;
  }

}

function toggleAllBoxes() {
  if (document.getElementsByTagName) {
    d = document.getElementsByTagName('div');
    for (i = 0; i < d.length; i++) {
      if (d[i].className == 'log') {
        flip(d[i]);
      }
    }
  }
}

// -->
</script>

</head>
<body>
<h2 align='center'>Surefire test</h2><table border='1' align="center">
<tr>
<td>Tests passed/Failed/Skipped:</td><td>0/4/0</td>
</tr><tr>
<td>Started on:</td><td>Wed Sep 14 18:55:11 IST 2022</td>
</tr>
<tr><td>Total time:</td><td>47 seconds (47069 ms)</td>
</tr><tr>
<td>Included groups:</td><td></td>
</tr><tr>
<td>Excluded groups:</td><td></td>
</tr>
</table><p/>
<small><i>(Hover the method name to see the test class name)</i></small><p/>
<table width='100%' border='1' class='invocation-failed'>
<tr><td colspan='4' align='center'><b>FAILED TESTS</b></td></tr>
<tr><td><b>Test method</b></td>
<td width="30%"><b>Exception</b></td>
<td width="10%"><b>Time (seconds)</b></td>
<td><b>Instance</b></td>
</tr>
<tr>
<td title='com.ikcon.tech.runner.NopCommerceTestNgTestRunnerTest.runScenario()'><b>runScenario</b><br>Test class: com.ikcon.tech.runner.NopCommerceTestNgTestRunnerTest<br>Test method: Runs Cucumber Scenarios<br>Parameters: "Open the shopping cart and verify the product Build", "Verifying the functionality of Shopping Cart"</td>
<td><div><pre>java.lang.AssertionError: expected [true] but found [false]
	at com.ikcon.tech.glue.StepDefinition.user_will_be_loggedin_and_navigated_to_homepage(StepDefinition.java:113)
	at ?.User will be loggedin,navigated to homepage and take screenshot(file:///C:/ECLIPSE_WORKSPACE/selenium_Testing/NopCommerce-Automation/src/test/resources/com/ikcon/tech/feature/ShoppingCart.feature:6)
... Removed 5 stack frames</pre></div><a href='#' onClick='toggleBox("stack-trace318555935", this, "Click to show all stack frames", "Click to hide stack frames")'>Click to show all stack frames</a>
<div class='stack-trace' id='stack-trace318555935'><pre>java.lang.AssertionError: expected [true] but found [false]
	at org.testng.Assert.fail(Assert.java:110)
	at org.testng.Assert.failNotEquals(Assert.java:1413)
	at org.testng.Assert.assertEqualsImpl(Assert.java:149)
	at org.testng.Assert.assertEquals(Assert.java:131)
	at org.testng.Assert.assertEquals(Assert.java:1030)
	at com.ikcon.tech.glue.StepDefinition.user_will_be_loggedin_and_navigated_to_homepage(StepDefinition.java:113)
	at ?.User will be loggedin,navigated to homepage and take screenshot(file:///C:/ECLIPSE_WORKSPACE/selenium_Testing/NopCommerce-Automation/src/test/resources/com/ikcon/tech/feature/ShoppingCart.feature:6)
</pre></div></td>
<td>11</td>
<td>com.ikcon.tech.runner.NopCommerceTestNgTestRunnerTest@3aeaafa6</td></tr>
<tr>
<td title='com.ikcon.tech.runner.NopCommerceTestNgTestRunnerTest.runScenario()'><b>runScenario</b><br>Test class: com.ikcon.tech.runner.NopCommerceTestNgTestRunnerTest<br>Test method: Runs Cucumber Scenarios<br>Parameters: "Update the product built in shopping cart", "Verifying the functionality of Shopping Cart"</td>
<td><div><pre>java.lang.AssertionError: expected [true] but found [false]
	at com.ikcon.tech.glue.StepDefinition.user_will_be_loggedin_and_navigated_to_homepage(StepDefinition.java:113)
	at ?.User will be loggedin,navigated to homepage and take screenshot(file:///C:/ECLIPSE_WORKSPACE/selenium_Testing/NopCommerce-Automation/src/test/resources/com/ikcon/tech/feature/ShoppingCart.feature:6)
... Removed 5 stack frames</pre></div><a href='#' onClick='toggleBox("stack-trace294651011", this, "Click to show all stack frames", "Click to hide stack frames")'>Click to show all stack frames</a>
<div class='stack-trace' id='stack-trace294651011'><pre>java.lang.AssertionError: expected [true] but found [false]
	at org.testng.Assert.fail(Assert.java:110)
	at org.testng.Assert.failNotEquals(Assert.java:1413)
	at org.testng.Assert.assertEqualsImpl(Assert.java:149)
	at org.testng.Assert.assertEquals(Assert.java:131)
	at org.testng.Assert.assertEquals(Assert.java:1030)
	at com.ikcon.tech.glue.StepDefinition.user_will_be_loggedin_and_navigated_to_homepage(StepDefinition.java:113)
	at ?.User will be loggedin,navigated to homepage and take screenshot(file:///C:/ECLIPSE_WORKSPACE/selenium_Testing/NopCommerce-Automation/src/test/resources/com/ikcon/tech/feature/ShoppingCart.feature:6)
</pre></div></td>
<td>6</td>
<td>com.ikcon.tech.runner.NopCommerceTestNgTestRunnerTest@3aeaafa6</td></tr>
<tr>
<td title='com.ikcon.tech.runner.NopCommerceTestNgTestRunnerTest.runScenario()'><b>runScenario</b><br>Test class: com.ikcon.tech.runner.NopCommerceTestNgTestRunnerTest<br>Test method: Runs Cucumber Scenarios<br>Parameters: "Remove the product from shopping cart", "Verifying the functionality of Shopping Cart"</td>
<td><div><pre>java.lang.AssertionError: expected [true] but found [false]
	at com.ikcon.tech.glue.StepDefinition.user_will_be_loggedin_and_navigated_to_homepage(StepDefinition.java:113)
	at ?.User will be loggedin,navigated to homepage and take screenshot(file:///C:/ECLIPSE_WORKSPACE/selenium_Testing/NopCommerce-Automation/src/test/resources/com/ikcon/tech/feature/ShoppingCart.feature:6)
... Removed 5 stack frames</pre></div><a href='#' onClick='toggleBox("stack-trace1434092798", this, "Click to show all stack frames", "Click to hide stack frames")'>Click to show all stack frames</a>
<div class='stack-trace' id='stack-trace1434092798'><pre>java.lang.AssertionError: expected [true] but found [false]
	at org.testng.Assert.fail(Assert.java:110)
	at org.testng.Assert.failNotEquals(Assert.java:1413)
	at org.testng.Assert.assertEqualsImpl(Assert.java:149)
	at org.testng.Assert.assertEquals(Assert.java:131)
	at org.testng.Assert.assertEquals(Assert.java:1030)
	at com.ikcon.tech.glue.StepDefinition.user_will_be_loggedin_and_navigated_to_homepage(StepDefinition.java:113)
	at ?.User will be loggedin,navigated to homepage and take screenshot(file:///C:/ECLIPSE_WORKSPACE/selenium_Testing/NopCommerce-Automation/src/test/resources/com/ikcon/tech/feature/ShoppingCart.feature:6)
</pre></div></td>
<td>10</td>
<td>com.ikcon.tech.runner.NopCommerceTestNgTestRunnerTest@3aeaafa6</td></tr>
<tr>
<td title='com.ikcon.tech.runner.NopCommerceTestNgTestRunnerTest.runScenario()'><b>runScenario</b><br>Test class: com.ikcon.tech.runner.NopCommerceTestNgTestRunnerTest<br>Test method: Runs Cucumber Scenarios<br>Parameters: "Build a computer product and add it to shopping cart with required details", "Verifying the functionality of Shopping Cart"</td>
<td><div><pre>java.lang.AssertionError: expected [true] but found [false]
	at com.ikcon.tech.glue.StepDefinition.user_will_be_loggedin_and_navigated_to_homepage(StepDefinition.java:113)
	at ?.User will be loggedin,navigated to homepage and take screenshot(file:///C:/ECLIPSE_WORKSPACE/selenium_Testing/NopCommerce-Automation/src/test/resources/com/ikcon/tech/feature/ShoppingCart.feature:6)
... Removed 5 stack frames</pre></div><a href='#' onClick='toggleBox("stack-trace2121551683", this, "Click to show all stack frames", "Click to hide stack frames")'>Click to show all stack frames</a>
<div class='stack-trace' id='stack-trace2121551683'><pre>java.lang.AssertionError: expected [true] but found [false]
	at org.testng.Assert.fail(Assert.java:110)
	at org.testng.Assert.failNotEquals(Assert.java:1413)
	at org.testng.Assert.assertEqualsImpl(Assert.java:149)
	at org.testng.Assert.assertEquals(Assert.java:131)
	at org.testng.Assert.assertEquals(Assert.java:1030)
	at com.ikcon.tech.glue.StepDefinition.user_will_be_loggedin_and_navigated_to_homepage(StepDefinition.java:113)
	at ?.User will be loggedin,navigated to homepage and take screenshot(file:///C:/ECLIPSE_WORKSPACE/selenium_Testing/NopCommerce-Automation/src/test/resources/com/ikcon/tech/feature/ShoppingCart.feature:6)
</pre></div></td>
<td>17</td>
<td>com.ikcon.tech.runner.NopCommerceTestNgTestRunnerTest@3aeaafa6</td></tr>
</table><p>
</body>
</html>