<!DOCTYPE html PUBLIC "-//W3C//DTD XHTML 1.1//EN" "https://www.w3.org/TR/xhtml11/DTD/xhtml11.dtd">
<html xmlns="https://www.w3.org/1999/xhtml">
<head>
<meta http-equiv="content-type" content="text/html; charset=UTF-8"/>
<title>TestNG Report</title>
<style type="text/css">table {margin-bottom:10px;border-collapse:collapse;empty-cells:show}th,td {border:1px solid #009;padding:.25em .5em}th {vertical-align:bottom}td {vertical-align:top}table a {font-weight:bold}.stripe td {background-color: #E6EBF9}.num {text-align:right}.passedodd td {background-color: #3F3}.passedeven td {background-color: #0A0}.skippedodd td {background-color: #DDD}.skippedeven td {background-color: #CCC}.failedodd td,.attn {background-color: #F33}.failedeven td,.stripe .attn {background-color: #D00}.stacktrace {white-space:pre;font-family:monospace}.totop {font-size:85%;text-align:center;border-bottom:2px solid #000}.invisible {display:none}</style>
</head>
<body>
<table>
<tr><th>Test</th><th># Passed</th><th># Skipped</th><th># Retried</th><th># Failed</th><th>Time (ms)</th><th>Included Groups</th><th>Excluded Groups</th></tr>
<tr><th colspan="8">Surefire suite</th></tr>
<tr><td><a href="#t0">Surefire test</a></td><td class="num">0</td><td class="num">0</td><td class="num">0</td><td class="num attn">4</td><td class="num">47,069</td><td></td><td></td></tr>
</table>
<table id='summary'><thead><tr><th>Class</th><th>Method</th><th>Start</th><th>Time (ms)</th></tr></thead><tbody><tr><th colspan="4">Surefire suite</th></tr></tbody><tbody id="t0"><tr><th colspan="4">Surefire test &#8212; failed</th></tr><tr class="failedeven"><td rowspan="4">com.ikcon.tech.runner.NopCommerceTestNgTestRunnerTest</td><td><a href="#m0">runScenario</a></td><td rowspan="4">1663161930000</td><td rowspan="4">11067</td></tr><tr class="failedeven"><td><a href="#m1">runScenario</a></td></tr><tr class="failedeven"><td><a href="#m2">runScenario</a></td></tr><tr class="failedeven"><td><a href="#m3">runScenario</a></td></tr></tbody>
</table>
<h2>Surefire test</h2><h3 id="m0">com.ikcon.tech.runner.NopCommerceTestNgTestRunnerTest#runScenario</h3><table class="result"><tr class="param"><th>Parameter #1</th><th>Parameter #2</th></tr><tr class="param stripe"><td>&quot;Open the shopping cart and verify the product Build&quot;</td><td>&quot;Verifying the functionality of Shopping Cart&quot;</td></tr><tr><th colspan="2">Exception</th></tr><tr><td colspan="2"><div class="stacktrace">java.lang.AssertionError: expected [true] but found [false]
	at com.ikcon.tech.glue.StepDefinition.user_will_be_loggedin_and_navigated_to_homepage(StepDefinition.java:113)
	at ✽.User will be loggedin,navigated to homepage and take screenshot(file:///C:/ECLIPSE_WORKSPACE/selenium_Testing/NopCommerce-Automation/src/test/resources/com/ikcon/tech/feature/ShoppingCart.feature:6)
... Removed 5 stack frames</div></td></tr></table><p class="totop"><a href="#summary">back to summary</a></p>
<h3 id="m1">com.ikcon.tech.runner.NopCommerceTestNgTestRunnerTest#runScenario</h3><table class="result"><tr class="param"><th>Parameter #1</th><th>Parameter #2</th></tr><tr class="param stripe"><td>&quot;Update the product built in shopping cart&quot;</td><td>&quot;Verifying the functionality of Shopping Cart&quot;</td></tr><tr><th colspan="2">Exception</th></tr><tr><td colspan="2"><div class="stacktrace">java.lang.AssertionError: expected [true] but found [false]
	at com.ikcon.tech.glue.StepDefinition.user_will_be_loggedin_and_navigated_to_homepage(StepDefinition.java:113)
	at ✽.User will be loggedin,navigated to homepage and take screenshot(file:///C:/ECLIPSE_WORKSPACE/selenium_Testing/NopCommerce-Automation/src/test/resources/com/ikcon/tech/feature/ShoppingCart.feature:6)
... Removed 5 stack frames</div></td></tr></table><p class="totop"><a href="#summary">back to summary</a></p>
<h3 id="m2">com.ikcon.tech.runner.NopCommerceTestNgTestRunnerTest#runScenario</h3><table class="result"><tr class="param"><th>Parameter #1</th><th>Parameter #2</th></tr><tr class="param stripe"><td>&quot;Remove the product from shopping cart&quot;</td><td>&quot;Verifying the functionality of Shopping Cart&quot;</td></tr><tr><th colspan="2">Exception</th></tr><tr><td colspan="2"><div class="stacktrace">java.lang.AssertionError: expected [true] but found [false]
	at com.ikcon.tech.glue.StepDefinition.user_will_be_loggedin_and_navigated_to_homepage(StepDefinition.java:113)
	at ✽.User will be loggedin,navigated to homepage and take screenshot(file:///C:/ECLIPSE_WORKSPACE/selenium_Testing/NopCommerce-Automation/src/test/resources/com/ikcon/tech/feature/ShoppingCart.feature:6)
... Removed 5 stack frames</div></td></tr></table><p class="totop"><a href="#summary">back to summary</a></p>
<h3 id="m3">com.ikcon.tech.runner.NopCommerceTestNgTestRunnerTest#runScenario</h3><table class="result"><tr class="param"><th>Parameter #1</th><th>Parameter #2</th></tr><tr class="param stripe"><td>&quot;Build a computer product and add it to shopping cart with required details&quot;</td><td>&quot;Verifying the functionality of Shopping Cart&quot;</td></tr><tr><th colspan="2">Exception</th></tr><tr><td colspan="2"><div class="stacktrace">java.lang.AssertionError: expected [true] but found [false]
	at com.ikcon.tech.glue.StepDefinition.user_will_be_loggedin_and_navigated_to_homepage(StepDefinition.java:113)
	at ✽.User will be loggedin,navigated to homepage and take screenshot(file:///C:/ECLIPSE_WORKSPACE/selenium_Testing/NopCommerce-Automation/src/test/resources/com/ikcon/tech/feature/ShoppingCart.feature:6)
... Removed 5 stack frames</div></td></tr></table><p class="totop"><a href="#summary">back to summary</a></p>
</body>
</html>
