<?xml version="1.0" encoding="UTF-8"?>
<testng-results skipped="0" failed="4" ignored="0" total="4" passed="0">
  <reporter-output>
  </reporter-output>
  <suite name="Surefire suite" duration-ms="47069" started-at="2022-09-14T18:55:11 IST" finished-at="2022-09-14T18:55:59 IST">
    <groups>
      <group name="cucumber">
        <method signature="AbstractTestNGCucumberTests.runScenario(io.cucumber.testng.PickleWrapper,io.cucumber.testng.FeatureWrapper)[pri:0, instance:com.ikcon.tech.runner.NopCommerceTestNgTestRunnerTest@3aeaafa6]" name="runScenario" class="io.cucumber.testng.AbstractTestNGCucumberTests"/>
      </group> <!-- cucumber -->
    </groups>
    <test name="Surefire test" duration-ms="47069" started-at="2022-09-14T18:55:11 IST" finished-at="2022-09-14T18:55:59 IST">
      <class name="com.ikcon.tech.runner.NopCommerceTestNgTestRunnerTest">
        <test-method status="PASS" signature="setUpClass(org.testng.ITestContext)[pri:0, instance:com.ikcon.tech.runner.NopCommerceTestNgTestRunnerTest@3aeaafa6]" name="setUpClass" is-config="true" duration-ms="894" started-at="2022-09-14T18:55:12 IST" finished-at="2022-09-14T18:55:12 IST">
          <params>
            <param index="0">
              <value>
                <![CDATA[org.testng.TestRunner@1bf14704]]>
              </value>
            </param>
          </params>
          <reporter-output>
          </reporter-output>
        </test-method> <!-- setUpClass -->
        <test-method status="FAIL" signature="runScenario(io.cucumber.testng.PickleWrapper,io.cucumber.testng.FeatureWrapper)[pri:0, instance:com.ikcon.tech.runner.NopCommerceTestNgTestRunnerTest@3aeaafa6]" name="runScenario" duration-ms="17068" started-at="2022-09-14T18:55:12 IST" description="Runs Cucumber Scenarios" data-provider="scenarios" finished-at="2022-09-14T18:55:29 IST">
          <params>
            <param index="0">
              <value>
                <![CDATA["Build a computer product and add it to shopping cart with required details"]]>
              </value>
            </param>
            <param index="1">
              <value>
                <![CDATA["Verifying the functionality of Shopping Cart"]]>
              </value>
            </param>
          </params>
          <exception class="java.lang.AssertionError">
            <message>
              <![CDATA[expected [true] but found [false]]]>
            </message>
            <full-stacktrace>
              <![CDATA[java.lang.AssertionError: expected [true] but found [false]
at org.testng.Assert.fail(Assert.java:110)
at org.testng.Assert.failNotEquals(Assert.java:1413)
at org.testng.Assert.assertEqualsImpl(Assert.java:149)
at org.testng.Assert.assertEquals(Assert.java:131)
at org.testng.Assert.assertEquals(Assert.java:1030)
at com.ikcon.tech.glue.StepDefinition.user_will_be_loggedin_and_navigated_to_homepage(StepDefinition.java:113)
at ✽.User will be loggedin,navigated to homepage and take screenshot(file:///C:/ECLIPSE_WORKSPACE/selenium_Testing/NopCommerce-Automation/src/test/resources/com/ikcon/tech/feature/ShoppingCart.feature:6)
]]>
            </full-stacktrace>
          </exception> <!-- java.lang.AssertionError -->
          <reporter-output>
          </reporter-output>
        </test-method> <!-- runScenario -->
        <test-method status="FAIL" signature="runScenario(io.cucumber.testng.PickleWrapper,io.cucumber.testng.FeatureWrapper)[pri:0, instance:com.ikcon.tech.runner.NopCommerceTestNgTestRunnerTest@3aeaafa6]" name="runScenario" duration-ms="11067" started-at="2022-09-14T18:55:30 IST" description="Runs Cucumber Scenarios" data-provider="scenarios" finished-at="2022-09-14T18:55:41 IST">
          <params>
            <param index="0">
              <value>
                <![CDATA["Open the shopping cart and verify the product Build"]]>
              </value>
            </param>
            <param index="1">
              <value>
                <![CDATA["Verifying the functionality of Shopping Cart"]]>
              </value>
            </param>
          </params>
          <exception class="java.lang.AssertionError">
            <message>
              <![CDATA[expected [true] but found [false]]]>
            </message>
            <full-stacktrace>
              <![CDATA[java.lang.AssertionError: expected [true] but found [false]
at org.testng.Assert.fail(Assert.java:110)
at org.testng.Assert.failNotEquals(Assert.java:1413)
at org.testng.Assert.assertEqualsImpl(Assert.java:149)
at org.testng.Assert.assertEquals(Assert.java:131)
at org.testng.Assert.assertEquals(Assert.java:1030)
at com.ikcon.tech.glue.StepDefinition.user_will_be_loggedin_and_navigated_to_homepage(StepDefinition.java:113)
at ✽.User will be loggedin,navigated to homepage and take screenshot(file:///C:/ECLIPSE_WORKSPACE/selenium_Testing/NopCommerce-Automation/src/test/resources/com/ikcon/tech/feature/ShoppingCart.feature:6)
]]>
            </full-stacktrace>
          </exception> <!-- java.lang.AssertionError -->
          <reporter-output>
          </reporter-output>
        </test-method> <!-- runScenario -->
        <test-method status="FAIL" signature="runScenario(io.cucumber.testng.PickleWrapper,io.cucumber.testng.FeatureWrapper)[pri:0, instance:com.ikcon.tech.runner.NopCommerceTestNgTestRunnerTest@3aeaafa6]" name="runScenario" duration-ms="6939" started-at="2022-09-14T18:55:41 IST" description="Runs Cucumber Scenarios" data-provider="scenarios" finished-at="2022-09-14T18:55:48 IST">
          <params>
            <param index="0">
              <value>
                <![CDATA["Update the product built in shopping cart"]]>
              </value>
            </param>
            <param index="1">
              <value>
                <![CDATA["Verifying the functionality of Shopping Cart"]]>
              </value>
            </param>
          </params>
          <exception class="java.lang.AssertionError">
            <message>
              <![CDATA[expected [true] but found [false]]]>
            </message>
            <full-stacktrace>
              <![CDATA[java.lang.AssertionError: expected [true] but found [false]
at org.testng.Assert.fail(Assert.java:110)
at org.testng.Assert.failNotEquals(Assert.java:1413)
at org.testng.Assert.assertEqualsImpl(Assert.java:149)
at org.testng.Assert.assertEquals(Assert.java:131)
at org.testng.Assert.assertEquals(Assert.java:1030)
at com.ikcon.tech.glue.StepDefinition.user_will_be_loggedin_and_navigated_to_homepage(StepDefinition.java:113)
at ✽.User will be loggedin,navigated to homepage and take screenshot(file:///C:/ECLIPSE_WORKSPACE/selenium_Testing/NopCommerce-Automation/src/test/resources/com/ikcon/tech/feature/ShoppingCart.feature:6)
]]>
            </full-stacktrace>
          </exception> <!-- java.lang.AssertionError -->
          <reporter-output>
          </reporter-output>
        </test-method> <!-- runScenario -->
        <test-method status="FAIL" signature="runScenario(io.cucumber.testng.PickleWrapper,io.cucumber.testng.FeatureWrapper)[pri:0, instance:com.ikcon.tech.runner.NopCommerceTestNgTestRunnerTest@3aeaafa6]" name="runScenario" duration-ms="10580" started-at="2022-09-14T18:55:48 IST" description="Runs Cucumber Scenarios" data-provider="scenarios" finished-at="2022-09-14T18:55:58 IST">
          <params>
            <param index="0">
              <value>
                <![CDATA["Remove the product from shopping cart"]]>
              </value>
            </param>
            <param index="1">
              <value>
                <![CDATA["Verifying the functionality of Shopping Cart"]]>
              </value>
            </param>
          </params>
          <exception class="java.lang.AssertionError">
            <message>
              <![CDATA[expected [true] but found [false]]]>
            </message>
            <full-stacktrace>
              <![CDATA[java.lang.AssertionError: expected [true] but found [false]
at org.testng.Assert.fail(Assert.java:110)
at org.testng.Assert.failNotEquals(Assert.java:1413)
at org.testng.Assert.assertEqualsImpl(Assert.java:149)
at org.testng.Assert.assertEquals(Assert.java:131)
at org.testng.Assert.assertEquals(Assert.java:1030)
at com.ikcon.tech.glue.StepDefinition.user_will_be_loggedin_and_navigated_to_homepage(StepDefinition.java:113)
at ✽.User will be loggedin,navigated to homepage and take screenshot(file:///C:/ECLIPSE_WORKSPACE/selenium_Testing/NopCommerce-Automation/src/test/resources/com/ikcon/tech/feature/ShoppingCart.feature:6)
]]>
            </full-stacktrace>
          </exception> <!-- java.lang.AssertionError -->
          <reporter-output>
          </reporter-output>
        </test-method> <!-- runScenario -->
        <test-method status="PASS" signature="tearDownClass()[pri:0, instance:com.ikcon.tech.runner.NopCommerceTestNgTestRunnerTest@3aeaafa6]" name="tearDownClass" is-config="true" duration-ms="461" started-at="2022-09-14T18:55:58 IST" finished-at="2022-09-14T18:55:59 IST">
          <reporter-output>
          </reporter-output>
        </test-method> <!-- tearDownClass -->
      </class> <!-- com.ikcon.tech.runner.NopCommerceTestNgTestRunnerTest -->
    </test> <!-- Surefire test -->
  </suite> <!-- Surefire suite -->
</testng-results>
