<?xml version="1.0" encoding="UTF-8"?>
<!-- Generated by org.testng.reporters.JUnitReportReporter -->
<testsuite skipped="0" hostname="IKCON1049" name="com.ikcon.tech.runner.NopCommerceTestNgTestRunnerTest" tests="4" failures="4" timestamp="2022-09-14T18:55:59 IST" time="45.654" errors="0">
  <testcase name="runScenario" time="11.067" classname="com.ikcon.tech.runner.NopCommerceTestNgTestRunnerTest">
    <failure type="java.lang.AssertionError" message="expected [true] but found [false]">
      <![CDATA[java.lang.AssertionError: expected [true] but found [false]
at org.testng.Assert.fail(Assert.java:110)
at org.testng.Assert.failNotEquals(Assert.java:1413)
at org.testng.Assert.assertEqualsImpl(Assert.java:149)
at org.testng.Assert.assertEquals(Assert.java:131)
at org.testng.Assert.assertEquals(Assert.java:1030)
at com.ikcon.tech.glue.StepDefinition.user_will_be_loggedin_and_navigated_to_homepage(StepDefinition.java:113)
at ✽.User will be loggedin,navigated to homepage and take screenshot(file:///C:/ECLIPSE_WORKSPACE/selenium_Testing/NopCommerce-Automation/src/test/resources/com/ikcon/tech/feature/ShoppingCart.feature:6)
]]>
    </failure>
  </testcase> <!-- runScenario -->
  <system-out/>
  <testcase name="runScenario" time="6.939" classname="com.ikcon.tech.runner.NopCommerceTestNgTestRunnerTest">
    <failure type="java.lang.AssertionError" message="expected [true] but found [false]">
      <![CDATA[java.lang.AssertionError: expected [true] but found [false]
at org.testng.Assert.fail(Assert.java:110)
at org.testng.Assert.failNotEquals(Assert.java:1413)
at org.testng.Assert.assertEqualsImpl(Assert.java:149)
at org.testng.Assert.assertEquals(Assert.java:131)
at org.testng.Assert.assertEquals(Assert.java:1030)
at com.ikcon.tech.glue.StepDefinition.user_will_be_loggedin_and_navigated_to_homepage(StepDefinition.java:113)
at ✽.User will be loggedin,navigated to homepage and take screenshot(file:///C:/ECLIPSE_WORKSPACE/selenium_Testing/NopCommerce-Automation/src/test/resources/com/ikcon/tech/feature/ShoppingCart.feature:6)
]]>
    </failure>
  </testcase> <!-- runScenario -->
  <system-out/>
  <testcase name="runScenario" time="10.580" classname="com.ikcon.tech.runner.NopCommerceTestNgTestRunnerTest">
    <failure type="java.lang.AssertionError" message="expected [true] but found [false]">
      <![CDATA[java.lang.AssertionError: expected [true] but found [false]
at org.testng.Assert.fail(Assert.java:110)
at org.testng.Assert.failNotEquals(Assert.java:1413)
at org.testng.Assert.assertEqualsImpl(Assert.java:149)
at org.testng.Assert.assertEquals(Assert.java:131)
at org.testng.Assert.assertEquals(Assert.java:1030)
at com.ikcon.tech.glue.StepDefinition.user_will_be_loggedin_and_navigated_to_homepage(StepDefinition.java:113)
at ✽.User will be loggedin,navigated to homepage and take screenshot(file:///C:/ECLIPSE_WORKSPACE/selenium_Testing/NopCommerce-Automation/src/test/resources/com/ikcon/tech/feature/ShoppingCart.feature:6)
]]>
    </failure>
  </testcase> <!-- runScenario -->
  <system-out/>
  <testcase name="runScenario" time="17.068" classname="com.ikcon.tech.runner.NopCommerceTestNgTestRunnerTest">
    <failure type="java.lang.AssertionError" message="expected [true] but found [false]">
      <![CDATA[java.lang.AssertionError: expected [true] but found [false]
at org.testng.Assert.fail(Assert.java:110)
at org.testng.Assert.failNotEquals(Assert.java:1413)
at org.testng.Assert.assertEqualsImpl(Assert.java:149)
at org.testng.Assert.assertEquals(Assert.java:131)
at org.testng.Assert.assertEquals(Assert.java:1030)
at com.ikcon.tech.glue.StepDefinition.user_will_be_loggedin_and_navigated_to_homepage(StepDefinition.java:113)
at ✽.User will be loggedin,navigated to homepage and take screenshot(file:///C:/ECLIPSE_WORKSPACE/selenium_Testing/NopCommerce-Automation/src/test/resources/com/ikcon/tech/feature/ShoppingCart.feature:6)
]]>
    </failure>
  </testcase> <!-- runScenario -->
  <system-out/>
</testsuite> <!-- com.ikcon.tech.runner.NopCommerceTestNgTestRunnerTest -->
